<?xml version="1.0" encoding="UTF-8"?>
<!-- Generated by org.testng.reporters.JUnitReportReporter -->
<testsuite hostname="LAPTOP-0CBHOBDD" failures="0" tests="2" name="Single_product" time="162.940" errors="0" timestamp="2022-03-29T21:40:23 SGT" skipped="0">
  <testcase classname="Single_product" name="Single_product_TC_1" time="92.391"/>
  <system-out/>
  <testcase classname="Single_product" name="Single_product_TC_2" time="70.549"/>
  <system-out/>
</testsuite> <!-- Single_product -->
