<?xml version="1.0" encoding="UTF-8"?>
<!-- Generated by org.testng.reporters.JUnitReportReporter -->
<testsuite hostname="LAPTOP-0CBHOBDD" failures="0" tests="3" name="Single_product_Test" time="169.820" errors="0" timestamp="2022-03-28T00:22:44 SGT" skipped="0">
  <testcase classname="Single_product_Test" name="Single_product_TC_3" time="15.326"/>
  <system-out/>
  <testcase classname="Single_product_Test" name="Single_product_TC_2" time="70.507"/>
  <system-out/>
  <testcase classname="Single_product_Test" name="Single_product_TC_1" time="83.987"/>
  <system-out/>
</testsuite> <!-- Single_product_Test -->
